

Started GET "/" for 127.0.0.1 at 2014-12-30 15:36:31 -0500
Processing by Rails::WelcomeController#index as HTML
  Rendered /Library/Ruby/Gems/2.0.0/gems/railties-4.0.2/lib/rails/templates/rails/welcome/index.html.erb (2.1ms)
Completed 200 OK in 79ms (Views: 13.2ms | ActiveRecord: 0.0ms)


Started GET "/" for 127.0.0.1 at 2014-12-30 15:38:56 -0500
Processing by Rails::WelcomeController#index as HTML
  Rendered /Library/Ruby/Gems/2.0.0/gems/railties-4.0.2/lib/rails/templates/rails/welcome/index.html.erb (1.4ms)
Completed 200 OK in 71ms (Views: 6.4ms | ActiveRecord: 0.0ms)


Started GET "/" for 127.0.0.1 at 2014-12-30 15:39:03 -0500
Processing by Rails::WelcomeController#index as HTML
  Rendered /Library/Ruby/Gems/2.0.0/gems/railties-4.0.2/lib/rails/templates/rails/welcome/index.html.erb (0.1ms)
Completed 200 OK in 2ms (Views: 1.7ms | ActiveRecord: 0.0ms)


Started GET "/" for 127.0.0.1 at 2014-12-30 15:44:11 -0500
Processing by Rails::WelcomeController#index as HTML
  Rendered /Library/Ruby/Gems/2.0.0/gems/railties-4.0.2/lib/rails/templates/rails/welcome/index.html.erb (1.7ms)
Completed 200 OK in 66ms (Views: 9.6ms | ActiveRecord: 0.0ms)


Started GET "/" for 127.0.0.1 at 2014-12-30 15:45:26 -0500
Processing by HomeController#index as HTML
  Rendered home/index.html.erb within layouts/application (0.9ms)
Completed 200 OK in 1027ms (Views: 1004.8ms | ActiveRecord: 0.0ms)


Started GET "/assets/application.css?body=1" for 127.0.0.1 at 2014-12-30 15:45:27 -0500


Started GET "/assets/home.css?body=1" for 127.0.0.1 at 2014-12-30 15:45:27 -0500


Started GET "/assets/jquery.js?body=1" for 127.0.0.1 at 2014-12-30 15:45:27 -0500


Started GET "/assets/jquery_ujs.js?body=1" for 127.0.0.1 at 2014-12-30 15:45:27 -0500


Started GET "/assets/application.js?body=1" for 127.0.0.1 at 2014-12-30 15:45:27 -0500


Started GET "/assets/turbolinks.js?body=1" for 127.0.0.1 at 2014-12-30 15:45:27 -0500


Started GET "/assets/home.js?body=1" for 127.0.0.1 at 2014-12-30 15:45:27 -0500


Started GET "/" for 127.0.0.1 at 2014-12-30 17:52:29 -0500
Processing by HomeController#index as HTML
  Rendered home/index.html.erb within layouts/application (0.9ms)
ERROR: compiling _app_views_layouts_application_html_erb__406126137677318046_70336477871400 RAISED /Users/schurman93/Documents/code/resume-server/app/views/layouts/application.html.erb:18: syntax error, unexpected ')'
...nd=( link_to "personal", '#', );@output_buffer.safe_append='...
...                               ^
/Users/schurman93/Documents/code/resume-server/app/views/layouts/application.html.erb:29: syntax error, unexpected keyword_ensure, expecting ')'
/Users/schurman93/Documents/code/resume-server/app/views/layouts/application.html.erb:31: syntax error, unexpected keyword_end, expecting ')'
Function body:           def _app_views_layouts_application_html_erb__406126137677318046_70336477871400(local_assigns, output_buffer)
            _old_virtual_path, @virtual_path = @virtual_path, "layouts/application";_old_output_buffer = @output_buffer;;@output_buffer = output_buffer || ActionView::OutputBuffer.new;@output_buffer.safe_append='<!DOCTYPE html>
<html>
    <head>
        <title>Brandon Schurman</title>
        ';@output_buffer.append=( stylesheet_link_tag    "application", media: "all", "data-turbolinks-track" => true );@output_buffer.safe_append='
        ';@output_buffer.append=( javascript_include_tag "application", "data-turbolinks-track" => true );@output_buffer.safe_append='
        ';@output_buffer.append=( csrf_meta_tags );@output_buffer.safe_append='
    </head>

    <body>
        <header class="navbar navbar-fixed-top navbar-inverse">
        <div class="container">
            ';@output_buffer.append=( link_to "home", '#', id: "logo" );@output_buffer.safe_append='
            <nav>
            <u1 class="nav navbar-nav navbar-right">
            <li>';@output_buffer.append=( link_to "home", '#' );@output_buffer.safe_append='</li>
            <li>';@output_buffer.append=( link_to "contact", '#' );@output_buffer.safe_append='</li>
            <li>';@output_buffer.append=( link_to "personal", '#', );@output_buffer.safe_append='</li>
            </u1>
            </nav>
        </div> 
        </header>
        <div class="container">
';             yield 
@output_buffer.safe_append='        </div>
    </body>
</html>
';@output_buffer.to_s
          ensure
            @virtual_path, @output_buffer = _old_virtual_path, _old_output_buffer
          end

Backtrace: /Library/Ruby/Gems/2.0.0/gems/actionpack-4.0.2/lib/action_view/template.rb:299:in `module_eval'
/Library/Ruby/Gems/2.0.0/gems/actionpack-4.0.2/lib/action_view/template.rb:299:in `compile'
/Library/Ruby/Gems/2.0.0/gems/actionpack-4.0.2/lib/action_view/template.rb:248:in `block in compile!'
/Library/Ruby/Gems/2.0.0/gems/actionpack-4.0.2/lib/action_view/template.rb:236:in `synchronize'
/Library/Ruby/Gems/2.0.0/gems/actionpack-4.0.2/lib/action_view/template.rb:236:in `compile!'
/Library/Ruby/Gems/2.0.0/gems/actionpack-4.0.2/lib/action_view/template.rb:142:in `block in render'
/Library/Ruby/Gems/2.0.0/gems/activesupport-4.0.2/lib/active_support/notifications.rb:161:in `instrument'
/Library/Ruby/Gems/2.0.0/gems/actionpack-4.0.2/lib/action_view/template.rb:141:in `render'
/Library/Ruby/Gems/2.0.0/gems/actionpack-4.0.2/lib/action_view/renderer/template_renderer.rb:61:in `render_with_layout'
/Library/Ruby/Gems/2.0.0/gems/actionpack-4.0.2/lib/action_view/renderer/template_renderer.rb:47:in `render_template'
/Library/Ruby/Gems/2.0.0/gems/actionpack-4.0.2/lib/action_view/renderer/template_renderer.rb:17:in `render'
/Library/Ruby/Gems/2.0.0/gems/actionpack-4.0.2/lib/action_view/renderer/renderer.rb:42:in `render_template'
/Library/Ruby/Gems/2.0.0/gems/actionpack-4.0.2/lib/action_view/renderer/renderer.rb:23:in `render'
/Library/Ruby/Gems/2.0.0/gems/actionpack-4.0.2/lib/abstract_controller/rendering.rb:127:in `_render_template'
/Library/Ruby/Gems/2.0.0/gems/actionpack-4.0.2/lib/action_controller/metal/streaming.rb:219:in `_render_template'
/Library/Ruby/Gems/2.0.0/gems/actionpack-4.0.2/lib/abstract_controller/rendering.rb:120:in `render_to_body'
/Library/Ruby/Gems/2.0.0/gems/actionpack-4.0.2/lib/action_controller/metal/rendering.rb:33:in `render_to_body'
/Library/Ruby/Gems/2.0.0/gems/actionpack-4.0.2/lib/action_controller/metal/renderers.rb:26:in `render_to_body'
/Library/Ruby/Gems/2.0.0/gems/actionpack-4.0.2/lib/abstract_controller/rendering.rb:97:in `render'
/Library/Ruby/Gems/2.0.0/gems/actionpack-4.0.2/lib/action_controller/metal/rendering.rb:16:in `render'
/Library/Ruby/Gems/2.0.0/gems/actionpack-4.0.2/lib/action_controller/metal/instrumentation.rb:41:in `block (2 levels) in render'
/Library/Ruby/Gems/2.0.0/gems/activesupport-4.0.2/lib/active_support/core_ext/benchmark.rb:12:in `block in ms'
/System/Library/Frameworks/Ruby.framework/Versions/2.0/usr/lib/ruby/2.0.0/benchmark.rb:296:in `realtime'
/Library/Ruby/Gems/2.0.0/gems/activesupport-4.0.2/lib/active_support/core_ext/benchmark.rb:12:in `ms'
/Library/Ruby/Gems/2.0.0/gems/actionpack-4.0.2/lib/action_controller/metal/instrumentation.rb:41:in `block in render'
/Library/Ruby/Gems/2.0.0/gems/actionpack-4.0.2/lib/action_controller/metal/instrumentation.rb:84:in `cleanup_view_runtime'
/Library/Ruby/Gems/2.0.0/gems/activerecord-4.0.2/lib/active_record/railties/controller_runtime.rb:25:in `cleanup_view_runtime'
/Library/Ruby/Gems/2.0.0/gems/actionpack-4.0.2/lib/action_controller/metal/instrumentation.rb:40:in `render'
/Library/Ruby/Gems/2.0.0/gems/actionpack-4.0.2/lib/action_controller/metal/implicit_render.rb:10:in `default_render'
/Library/Ruby/Gems/2.0.0/gems/actionpack-4.0.2/lib/action_controller/metal/implicit_render.rb:5:in `send_action'
/Library/Ruby/Gems/2.0.0/gems/actionpack-4.0.2/lib/abstract_controller/base.rb:189:in `process_action'
/Library/Ruby/Gems/2.0.0/gems/actionpack-4.0.2/lib/action_controller/metal/rendering.rb:10:in `process_action'
/Library/Ruby/Gems/2.0.0/gems/actionpack-4.0.2/lib/abstract_controller/callbacks.rb:18:in `block in process_action'
/Library/Ruby/Gems/2.0.0/gems/activesupport-4.0.2/lib/active_support/callbacks.rb:403:in `_run__313543043366712054__process_action__callbacks'
/Library/Ruby/Gems/2.0.0/gems/activesupport-4.0.2/lib/active_support/callbacks.rb:80:in `run_callbacks'
/Library/Ruby/Gems/2.0.0/gems/actionpack-4.0.2/lib/abstract_controller/callbacks.rb:17:in `process_action'
/Library/Ruby/Gems/2.0.0/gems/actionpack-4.0.2/lib/action_controller/metal/rescue.rb:29:in `process_action'
/Library/Ruby/Gems/2.0.0/gems/actionpack-4.0.2/lib/action_controller/metal/instrumentation.rb:31:in `block in process_action'
/Library/Ruby/Gems/2.0.0/gems/activesupport-4.0.2/lib/active_support/notifications.rb:159:in `block in instrument'
/Library/Ruby/Gems/2.0.0/gems/activesupport-4.0.2/lib/active_support/notifications/instrumenter.rb:20:in `instrument'
/Library/Ruby/Gems/2.0.0/gems/activesupport-4.0.2/lib/active_support/notifications.rb:159:in `instrument'
/Library/Ruby/Gems/2.0.0/gems/actionpack-4.0.2/lib/action_controller/metal/instrumentation.rb:30:in `process_action'
/Library/Ruby/Gems/2.0.0/gems/actionpack-4.0.2/lib/action_controller/metal/params_wrapper.rb:245:in `process_action'
/Library/Ruby/Gems/2.0.0/gems/activerecord-4.0.2/lib/active_record/railties/controller_runtime.rb:18:in `process_action'
/Library/Ruby/Gems/2.0.0/gems/actionpack-4.0.2/lib/abstract_controller/base.rb:136:in `process'
/Library/Ruby/Gems/2.0.0/gems/actionpack-4.0.2/lib/abstract_controller/rendering.rb:44:in `process'
/Library/Ruby/Gems/2.0.0/gems/actionpack-4.0.2/lib/action_controller/metal.rb:195:in `dispatch'
/Library/Ruby/Gems/2.0.0/gems/actionpack-4.0.2/lib/action_controller/metal/rack_delegation.rb:13:in `dispatch'
/Library/Ruby/Gems/2.0.0/gems/actionpack-4.0.2/lib/action_controller/metal.rb:231:in `block in action'
/Library/Ruby/Gems/2.0.0/gems/actionpack-4.0.2/lib/action_dispatch/routing/route_set.rb:80:in `call'
/Library/Ruby/Gems/2.0.0/gems/actionpack-4.0.2/lib/action_dispatch/routing/route_set.rb:80:in `dispatch'
/Library/Ruby/Gems/2.0.0/gems/actionpack-4.0.2/lib/action_dispatch/routing/route_set.rb:48:in `call'
/Library/Ruby/Gems/2.0.0/gems/actionpack-4.0.2/lib/action_dispatch/journey/router.rb:71:in `block in call'
/Library/Ruby/Gems/2.0.0/gems/actionpack-4.0.2/lib/action_dispatch/journey/router.rb:59:in `each'
/Library/Ruby/Gems/2.0.0/gems/actionpack-4.0.2/lib/action_dispatch/journey/router.rb:59:in `call'
/Library/Ruby/Gems/2.0.0/gems/actionpack-4.0.2/lib/action_dispatch/routing/route_set.rb:680:in `call'
/Library/Ruby/Gems/2.0.0/gems/rack-1.5.2/lib/rack/etag.rb:23:in `call'
/Library/Ruby/Gems/2.0.0/gems/rack-1.5.2/lib/rack/conditionalget.rb:25:in `call'
/Library/Ruby/Gems/2.0.0/gems/rack-1.5.2/lib/rack/head.rb:11:in `call'
/Library/Ruby/Gems/2.0.0/gems/actionpack-4.0.2/lib/action_dispatch/middleware/params_parser.rb:27:in `call'
/Library/Ruby/Gems/2.0.0/gems/actionpack-4.0.2/lib/action_dispatch/middleware/flash.rb:241:in `call'
/Library/Ruby/Gems/2.0.0/gems/rack-1.5.2/lib/rack/session/abstract/id.rb:225:in `context'
/Library/Ruby/Gems/2.0.0/gems/rack-1.5.2/lib/rack/session/abstract/id.rb:220:in `call'
/Library/Ruby/Gems/2.0.0/gems/actionpack-4.0.2/lib/action_dispatch/middleware/cookies.rb:486:in `call'
/Library/Ruby/Gems/2.0.0/gems/activerecord-4.0.2/lib/active_record/query_cache.rb:36:in `call'
/Library/Ruby/Gems/2.0.0/gems/activerecord-4.0.2/lib/active_record/connection_adapters/abstract/connection_pool.rb:626:in `call'
/Library/Ruby/Gems/2.0.0/gems/activerecord-4.0.2/lib/active_record/migration.rb:369:in `call'
/Library/Ruby/Gems/2.0.0/gems/actionpack-4.0.2/lib/action_dispatch/middleware/callbacks.rb:29:in `block in call'
/Library/Ruby/Gems/2.0.0/gems/activesupport-4.0.2/lib/active_support/callbacks.rb:373:in `_run__2512194577546373914__call__callbacks'
/Library/Ruby/Gems/2.0.0/gems/activesupport-4.0.2/lib/active_support/callbacks.rb:80:in `run_callbacks'
/Library/Ruby/Gems/2.0.0/gems/actionpack-4.0.2/lib/action_dispatch/middleware/callbacks.rb:27:in `call'
/Library/Ruby/Gems/2.0.0/gems/actionpack-4.0.2/lib/action_dispatch/middleware/reloader.rb:64:in `call'
/Library/Ruby/Gems/2.0.0/gems/actionpack-4.0.2/lib/action_dispatch/middleware/remote_ip.rb:76:in `call'
/Library/Ruby/Gems/2.0.0/gems/actionpack-4.0.2/lib/action_dispatch/middleware/debug_exceptions.rb:17:in `call'
/Library/Ruby/Gems/2.0.0/gems/actionpack-4.0.2/lib/action_dispatch/middleware/show_exceptions.rb:30:in `call'
/Library/Ruby/Gems/2.0.0/gems/railties-4.0.2/lib/rails/rack/logger.rb:38:in `call_app'
/Library/Ruby/Gems/2.0.0/gems/railties-4.0.2/lib/rails/rack/logger.rb:20:in `block in call'
/Library/Ruby/Gems/2.0.0/gems/activesupport-4.0.2/lib/active_support/tagged_logging.rb:67:in `block in tagged'
/Library/Ruby/Gems/2.0.0/gems/activesupport-4.0.2/lib/active_support/tagged_logging.rb:25:in `tagged'
/Library/Ruby/Gems/2.0.0/gems/activesupport-4.0.2/lib/active_support/tagged_logging.rb:67:in `tagged'
/Library/Ruby/Gems/2.0.0/gems/railties-4.0.2/lib/rails/rack/logger.rb:20:in `call'
/Library/Ruby/Gems/2.0.0/gems/actionpack-4.0.2/lib/action_dispatch/middleware/request_id.rb:21:in `call'
/Library/Ruby/Gems/2.0.0/gems/rack-1.5.2/lib/rack/methodoverride.rb:21:in `call'
/Library/Ruby/Gems/2.0.0/gems/rack-1.5.2/lib/rack/runtime.rb:17:in `call'
/Library/Ruby/Gems/2.0.0/gems/activesupport-4.0.2/lib/active_support/cache/strategy/local_cache.rb:83:in `call'
/Library/Ruby/Gems/2.0.0/gems/rack-1.5.2/lib/rack/lock.rb:17:in `call'
/Library/Ruby/Gems/2.0.0/gems/actionpack-4.0.2/lib/action_dispatch/middleware/static.rb:64:in `call'
/Library/Ruby/Gems/2.0.0/gems/rack-1.5.2/lib/rack/sendfile.rb:112:in `call'
/Library/Ruby/Gems/2.0.0/gems/railties-4.0.2/lib/rails/engine.rb:511:in `call'
/Library/Ruby/Gems/2.0.0/gems/railties-4.0.2/lib/rails/application.rb:97:in `call'
/Library/Ruby/Gems/2.0.0/gems/rack-1.5.2/lib/rack/lock.rb:17:in `call'
/Library/Ruby/Gems/2.0.0/gems/rack-1.5.2/lib/rack/content_length.rb:14:in `call'
/Library/Ruby/Gems/2.0.0/gems/rack-1.5.2/lib/rack/handler/webrick.rb:60:in `service'
/System/Library/Frameworks/Ruby.framework/Versions/2.0/usr/lib/ruby/2.0.0/webrick/httpserver.rb:138:in `service'
/System/Library/Frameworks/Ruby.framework/Versions/2.0/usr/lib/ruby/2.0.0/webrick/httpserver.rb:94:in `run'
/System/Library/Frameworks/Ruby.framework/Versions/2.0/usr/lib/ruby/2.0.0/webrick/server.rb:295:in `block in start_thread'
Completed 500 Internal Server Error in 85ms

ActionView::Template::Error (/Users/schurman93/Documents/code/resume-server/app/views/layouts/application.html.erb:18: syntax error, unexpected ')'
...nd=( link_to "personal", '#', );@output_buffer.safe_append='...
...                               ^
/Users/schurman93/Documents/code/resume-server/app/views/layouts/application.html.erb:29: syntax error, unexpected keyword_ensure, expecting ')'
/Users/schurman93/Documents/code/resume-server/app/views/layouts/application.html.erb:31: syntax error, unexpected keyword_end, expecting ')'):
    15:             <u1 class="nav navbar-nav navbar-right">
    16:             <li><%= link_to "home", '#' %></li>
    17:             <li><%= link_to "contact", '#' %></li>
    18:             <li><%= link_to "personal", '#', %></li>
    19:             </u1>
    20:             </nav>
    21:         </div> 
  actionpack (4.0.2) lib/action_view/template.rb:299:in `module_eval'
  actionpack (4.0.2) lib/action_view/template.rb:299:in `compile'
  actionpack (4.0.2) lib/action_view/template.rb:248:in `block in compile!'
  actionpack (4.0.2) lib/action_view/template.rb:236:in `synchronize'
  actionpack (4.0.2) lib/action_view/template.rb:236:in `compile!'
  actionpack (4.0.2) lib/action_view/template.rb:142:in `block in render'
  activesupport (4.0.2) lib/active_support/notifications.rb:161:in `instrument'
  actionpack (4.0.2) lib/action_view/template.rb:141:in `render'
  actionpack (4.0.2) lib/action_view/renderer/template_renderer.rb:61:in `render_with_layout'
  actionpack (4.0.2) lib/action_view/renderer/template_renderer.rb:47:in `render_template'
  actionpack (4.0.2) lib/action_view/renderer/template_renderer.rb:17:in `render'
  actionpack (4.0.2) lib/action_view/renderer/renderer.rb:42:in `render_template'
  actionpack (4.0.2) lib/action_view/renderer/renderer.rb:23:in `render'
  actionpack (4.0.2) lib/abstract_controller/rendering.rb:127:in `_render_template'
  actionpack (4.0.2) lib/action_controller/metal/streaming.rb:219:in `_render_template'
  actionpack (4.0.2) lib/abstract_controller/rendering.rb:120:in `render_to_body'
  actionpack (4.0.2) lib/action_controller/metal/rendering.rb:33:in `render_to_body'
  actionpack (4.0.2) lib/action_controller/metal/renderers.rb:26:in `render_to_body'
  actionpack (4.0.2) lib/abstract_controller/rendering.rb:97:in `render'
  actionpack (4.0.2) lib/action_controller/metal/rendering.rb:16:in `render'
  actionpack (4.0.2) lib/action_controller/metal/instrumentation.rb:41:in `block (2 levels) in render'
  activesupport (4.0.2) lib/active_support/core_ext/benchmark.rb:12:in `block in ms'
  /System/Library/Frameworks/Ruby.framework/Versions/2.0/usr/lib/ruby/2.0.0/benchmark.rb:296:in `realtime'
  activesupport (4.0.2) lib/active_support/core_ext/benchmark.rb:12:in `ms'
  actionpack (4.0.2) lib/action_controller/metal/instrumentation.rb:41:in `block in render'
  actionpack (4.0.2) lib/action_controller/metal/instrumentation.rb:84:in `cleanup_view_runtime'
  activerecord (4.0.2) lib/active_record/railties/controller_runtime.rb:25:in `cleanup_view_runtime'
  actionpack (4.0.2) lib/action_controller/metal/instrumentation.rb:40:in `render'
  actionpack (4.0.2) lib/action_controller/metal/implicit_render.rb:10:in `default_render'
  actionpack (4.0.2) lib/action_controller/metal/implicit_render.rb:5:in `send_action'
  actionpack (4.0.2) lib/abstract_controller/base.rb:189:in `process_action'
  actionpack (4.0.2) lib/action_controller/metal/rendering.rb:10:in `process_action'
  actionpack (4.0.2) lib/abstract_controller/callbacks.rb:18:in `block in process_action'
  activesupport (4.0.2) lib/active_support/callbacks.rb:403:in `_run__313543043366712054__process_action__callbacks'
  activesupport (4.0.2) lib/active_support/callbacks.rb:80:in `run_callbacks'
  actionpack (4.0.2) lib/abstract_controller/callbacks.rb:17:in `process_action'
  actionpack (4.0.2) lib/action_controller/metal/rescue.rb:29:in `process_action'
  actionpack (4.0.2) lib/action_controller/metal/instrumentation.rb:31:in `block in process_action'
  activesupport (4.0.2) lib/active_support/notifications.rb:159:in `block in instrument'
  activesupport (4.0.2) lib/active_support/notifications/instrumenter.rb:20:in `instrument'
  activesupport (4.0.2) lib/active_support/notifications.rb:159:in `instrument'
  actionpack (4.0.2) lib/action_controller/metal/instrumentation.rb:30:in `process_action'
  actionpack (4.0.2) lib/action_controller/metal/params_wrapper.rb:245:in `process_action'
  activerecord (4.0.2) lib/active_record/railties/controller_runtime.rb:18:in `process_action'
  actionpack (4.0.2) lib/abstract_controller/base.rb:136:in `process'
  actionpack (4.0.2) lib/abstract_controller/rendering.rb:44:in `process'
  actionpack (4.0.2) lib/action_controller/metal.rb:195:in `dispatch'
  actionpack (4.0.2) lib/action_controller/metal/rack_delegation.rb:13:in `dispatch'
  actionpack (4.0.2) lib/action_controller/metal.rb:231:in `block in action'
  actionpack (4.0.2) lib/action_dispatch/routing/route_set.rb:80:in `call'
  actionpack (4.0.2) lib/action_dispatch/routing/route_set.rb:80:in `dispatch'
  actionpack (4.0.2) lib/action_dispatch/routing/route_set.rb:48:in `call'
  actionpack (4.0.2) lib/action_dispatch/journey/router.rb:71:in `block in call'
  actionpack (4.0.2) lib/action_dispatch/journey/router.rb:59:in `each'
  actionpack (4.0.2) lib/action_dispatch/journey/router.rb:59:in `call'
  actionpack (4.0.2) lib/action_dispatch/routing/route_set.rb:680:in `call'
  rack (1.5.2) lib/rack/etag.rb:23:in `call'
  rack (1.5.2) lib/rack/conditionalget.rb:25:in `call'
  rack (1.5.2) lib/rack/head.rb:11:in `call'
  actionpack (4.0.2) lib/action_dispatch/middleware/params_parser.rb:27:in `call'
  actionpack (4.0.2) lib/action_dispatch/middleware/flash.rb:241:in `call'
  rack (1.5.2) lib/rack/session/abstract/id.rb:225:in `context'
  rack (1.5.2) lib/rack/session/abstract/id.rb:220:in `call'
  actionpack (4.0.2) lib/action_dispatch/middleware/cookies.rb:486:in `call'
  activerecord (4.0.2) lib/active_record/query_cache.rb:36:in `call'
  activerecord (4.0.2) lib/active_record/connection_adapters/abstract/connection_pool.rb:626:in `call'
  activerecord (4.0.2) lib/active_record/migration.rb:369:in `call'
  actionpack (4.0.2) lib/action_dispatch/middleware/callbacks.rb:29:in `block in call'
  activesupport (4.0.2) lib/active_support/callbacks.rb:373:in `_run__2512194577546373914__call__callbacks'
  activesupport (4.0.2) lib/active_support/callbacks.rb:80:in `run_callbacks'
  actionpack (4.0.2) lib/action_dispatch/middleware/callbacks.rb:27:in `call'
  actionpack (4.0.2) lib/action_dispatch/middleware/reloader.rb:64:in `call'
  actionpack (4.0.2) lib/action_dispatch/middleware/remote_ip.rb:76:in `call'
  actionpack (4.0.2) lib/action_dispatch/middleware/debug_exceptions.rb:17:in `call'
  actionpack (4.0.2) lib/action_dispatch/middleware/show_exceptions.rb:30:in `call'
  railties (4.0.2) lib/rails/rack/logger.rb:38:in `call_app'
  railties (4.0.2) lib/rails/rack/logger.rb:20:in `block in call'
  activesupport (4.0.2) lib/active_support/tagged_logging.rb:67:in `block in tagged'
  activesupport (4.0.2) lib/active_support/tagged_logging.rb:25:in `tagged'
  activesupport (4.0.2) lib/active_support/tagged_logging.rb:67:in `tagged'
  railties (4.0.2) lib/rails/rack/logger.rb:20:in `call'
  actionpack (4.0.2) lib/action_dispatch/middleware/request_id.rb:21:in `call'
  rack (1.5.2) lib/rack/methodoverride.rb:21:in `call'
  rack (1.5.2) lib/rack/runtime.rb:17:in `call'
  activesupport (4.0.2) lib/active_support/cache/strategy/local_cache.rb:83:in `call'
  rack (1.5.2) lib/rack/lock.rb:17:in `call'
  actionpack (4.0.2) lib/action_dispatch/middleware/static.rb:64:in `call'
  rack (1.5.2) lib/rack/sendfile.rb:112:in `call'
  railties (4.0.2) lib/rails/engine.rb:511:in `call'
  railties (4.0.2) lib/rails/application.rb:97:in `call'
  rack (1.5.2) lib/rack/lock.rb:17:in `call'
  rack (1.5.2) lib/rack/content_length.rb:14:in `call'
  rack (1.5.2) lib/rack/handler/webrick.rb:60:in `service'
  /System/Library/Frameworks/Ruby.framework/Versions/2.0/usr/lib/ruby/2.0.0/webrick/httpserver.rb:138:in `service'
  /System/Library/Frameworks/Ruby.framework/Versions/2.0/usr/lib/ruby/2.0.0/webrick/httpserver.rb:94:in `run'
  /System/Library/Frameworks/Ruby.framework/Versions/2.0/usr/lib/ruby/2.0.0/webrick/server.rb:295:in `block in start_thread'


  Rendered /Library/Ruby/Gems/2.0.0/gems/actionpack-4.0.2/lib/action_dispatch/middleware/templates/rescues/_trace.erb (1.6ms)
  Rendered /Library/Ruby/Gems/2.0.0/gems/actionpack-4.0.2/lib/action_dispatch/middleware/templates/rescues/_request_and_response.erb (0.9ms)
  Rendered /Library/Ruby/Gems/2.0.0/gems/actionpack-4.0.2/lib/action_dispatch/middleware/templates/rescues/template_error.erb within rescues/layout (19.2ms)


Started GET "/" for 127.0.0.1 at 2014-12-30 17:53:49 -0500
Processing by HomeController#index as HTML
  Rendered home/index.html.erb within layouts/application (0.9ms)
Completed 200 OK in 90ms (Views: 68.1ms | ActiveRecord: 0.0ms)


Started GET "/assets/application.css?body=1" for 127.0.0.1 at 2014-12-30 17:53:50 -0500


Started GET "/assets/jquery.js?body=1" for 127.0.0.1 at 2014-12-30 17:53:50 -0500


Started GET "/assets/home.css?body=1" for 127.0.0.1 at 2014-12-30 17:53:50 -0500


Started GET "/assets/jquery_ujs.js?body=1" for 127.0.0.1 at 2014-12-30 17:53:50 -0500


Started GET "/assets/turbolinks.js?body=1" for 127.0.0.1 at 2014-12-30 17:53:50 -0500


Started GET "/assets/application.js?body=1" for 127.0.0.1 at 2014-12-30 17:53:50 -0500


Started GET "/assets/home.js?body=1" for 127.0.0.1 at 2014-12-30 17:53:50 -0500


Started GET "/" for 127.0.0.1 at 2014-12-30 17:54:10 -0500
Processing by HomeController#index as HTML
  Rendered home/index.html.erb within layouts/application (0.7ms)
Completed 200 OK in 14ms (Views: 12.9ms | ActiveRecord: 0.0ms)


Started GET "/" for 127.0.0.1 at 2014-12-30 18:27:38 -0500
Processing by HomeController#index as HTML
  Rendered home/index.html.erb within layouts/application (3.4ms)
Completed 200 OK in 150ms (Views: 127.3ms | ActiveRecord: 0.0ms)


Started GET "/assets/application.css?body=1" for 127.0.0.1 at 2014-12-30 18:27:39 -0500


Started GET "/assets/home.css?body=1" for 127.0.0.1 at 2014-12-30 18:27:39 -0500


Started GET "/assets/jquery.js?body=1" for 127.0.0.1 at 2014-12-30 18:27:39 -0500


Started GET "/assets/application.js?body=1" for 127.0.0.1 at 2014-12-30 18:27:39 -0500


Started GET "/assets/jquery_ujs.js?body=1" for 127.0.0.1 at 2014-12-30 18:27:39 -0500


Started GET "/assets/turbolinks.js?body=1" for 127.0.0.1 at 2014-12-30 18:27:39 -0500


Started GET "/assets/home.js?body=1" for 127.0.0.1 at 2014-12-30 18:27:39 -0500


Started GET "/" for 127.0.0.1 at 2014-12-30 20:31:09 -0500
Processing by HomeController#index as HTML
  Rendered home/index.html.erb within layouts/application (1.0ms)
Completed 200 OK in 140ms (Views: 116.3ms | ActiveRecord: 0.0ms)


Started GET "/assets/home.css?body=1" for 127.0.0.1 at 2014-12-30 20:31:10 -0500


Started GET "/assets/application.css?body=1" for 127.0.0.1 at 2014-12-30 20:31:10 -0500


Started GET "/assets/turbolinks.js?body=1" for 127.0.0.1 at 2014-12-30 20:31:10 -0500


Started GET "/assets/application.js?body=1" for 127.0.0.1 at 2014-12-30 20:31:10 -0500


Started GET "/assets/jquery.js?body=1" for 127.0.0.1 at 2014-12-30 20:31:10 -0500


Started GET "/assets/jquery_ujs.js?body=1" for 127.0.0.1 at 2014-12-30 20:31:10 -0500


Started GET "/assets/home.js?body=1" for 127.0.0.1 at 2014-12-30 20:31:10 -0500


Started GET "/" for 127.0.0.1 at 2014-12-31 01:42:12 -0500
Processing by HomeController#index as HTML
  Rendered home/index.html.erb within layouts/application (1.9ms)
Completed 200 OK in 170ms (Views: 146.8ms | ActiveRecord: 0.0ms)


Started GET "/assets/application.css?body=1" for 127.0.0.1 at 2014-12-31 01:42:13 -0500


Started GET "/assets/jquery_ujs.js?body=1" for 127.0.0.1 at 2014-12-31 01:42:13 -0500


Started GET "/assets/jquery.js?body=1" for 127.0.0.1 at 2014-12-31 01:42:13 -0500


Started GET "/assets/home.css?body=1" for 127.0.0.1 at 2014-12-31 01:42:13 -0500


Started GET "/assets/turbolinks.js?body=1" for 127.0.0.1 at 2014-12-31 01:42:13 -0500


Started GET "/assets/home.js?body=1" for 127.0.0.1 at 2014-12-31 01:42:13 -0500


Started GET "/assets/application.js?body=1" for 127.0.0.1 at 2014-12-31 01:42:13 -0500
